This file contains any messages produced by compilers while
running configure, to aid debugging if configure makes a mistake.

It was created by gc configure 8.2.8, which was
generated by GNU Autoconf 2.71.  Invocation command line was

  $ ./configure

## --------- ##
## Platform. ##
## --------- ##

hostname = ppti-14-408-10
uname -m = x86_64
uname -r = 6.1.0-28-amd64
uname -s = Linux
uname -v = #1 SMP PREEMPT_DYNAMIC Debian 6.1.119-1 (2024-11-22)

/usr/bin/uname -p = unknown
/bin/uname -X     = unknown

/bin/arch              = x86_64
/usr/bin/arch -k       = unknown
/usr/convex/getsysinfo = unknown
/usr/bin/hostinfo      = unknown
/bin/machine           = unknown
/usr/bin/oslevel       = unknown
/bin/universe          = unknown

PATH: /usr/local/pig-0.17.0/bin/
PATH: /usr/local/idea-IC-212.5080.55/bin/
PATH: /usr/local/pycharm-edu-2022.2.2/bin/
PATH: /usr/local/bin/
PATH: /usr/bin/
PATH: /bin/
PATH: /usr/local/games/
PATH: /usr/games/
PATH: /usr/local/go/bin/
PATH: /usr/local/cuda-12.2/bin/
PATH: /usr/local/cuda-12.6/bin/


## ----------- ##
## Core tests. ##
## ----------- ##

configure:2920: looking for aux files: ltmain.sh compile missing install-sh config.guess config.sub
configure:2933:  trying ./
configure:2962:   ./ltmain.sh found
configure:2962:   ./compile found
configure:2962:   ./missing found
configure:2944:   ./install-sh found
configure:2962:   ./config.guess found
configure:2962:   ./config.sub found
configure:3083: checking build system type
configure:3098: result: x86_64-pc-linux-gnu
configure:3118: checking host system type
configure:3132: result: x86_64-pc-linux-gnu
configure:3152: checking target system type
configure:3166: result: x86_64-pc-linux-gnu
configure:3194: checking GC version numbers
configure:3218: result: major=8 minor=2                 micro=8
configure:3240: checking for a BSD-compatible install
configure:3313: result: /usr/bin/install -c
configure:3324: checking whether build environment is sane
configure:3379: result: yes
configure:3538: checking for a race-free mkdir -p
configure:3582: result: /usr/bin/mkdir -p
configure:3589: checking for gawk
configure:3610: found /usr/bin/gawk
configure:3621: result: gawk
configure:3632: checking whether make sets $(MAKE)
configure:3655: result: yes
configure:3685: checking whether make supports nested variables
configure:3703: result: yes
configure:3842: checking whether to enable maintainer-specific portions of Makefiles
configure:3852: result: no
configure:3882: checking whether make supports the include directive
configure:3897: make -f confmf.GNU && cat confinc.out
this is the am__doit target
configure:3900: $? = 0
configure:3919: result: yes (GNU style)
configure:3995: checking for gcc
configure:4016: found /usr/bin/gcc
configure:4027: result: gcc
configure:4380: checking for C compiler version
configure:4389: gcc --version >&5
gcc (Debian 12.2.0-14) 12.2.0
Copyright (C) 2022 Free Software Foundation, Inc.
This is free software; see the source for copying conditions.  There is NO
warranty; not even for MERCHANTABILITY or FITNESS FOR A PARTICULAR PURPOSE.

configure:4400: $? = 0
configure:4389: gcc -v >&5
Using built-in specs.
COLLECT_GCC=gcc
COLLECT_LTO_WRAPPER=/usr/lib/gcc/x86_64-linux-gnu/12/lto-wrapper
OFFLOAD_TARGET_NAMES=nvptx-none:amdgcn-amdhsa
OFFLOAD_TARGET_DEFAULT=1
Target: x86_64-linux-gnu
Configured with: ../src/configure -v --with-pkgversion='Debian 12.2.0-14' --with-bugurl=file:///usr/share/doc/gcc-12/README.Bugs --enable-languages=c,ada,c++,go,d,fortran,objc,obj-c++,m2 --prefix=/usr --with-gcc-major-version-only --program-suffix=-12 --program-prefix=x86_64-linux-gnu- --enable-shared --enable-linker-build-id --libexecdir=/usr/lib --without-included-gettext --enable-threads=posix --libdir=/usr/lib --enable-nls --enable-clocale=gnu --enable-libstdcxx-debug --enable-libstdcxx-time=yes --with-default-libstdcxx-abi=new --enable-gnu-unique-object --disable-vtable-verify --enable-plugin --enable-default-pie --with-system-zlib --enable-libphobos-checking=release --with-target-system-zlib=auto --enable-objc-gc=auto --enable-multiarch --disable-werror --enable-cet --with-arch-32=i686 --with-abi=m64 --with-multilib-list=m32,m64,mx32 --enable-multilib --with-tune=generic --enable-offload-targets=nvptx-none=/build/gcc-12-bTRWOB/gcc-12-12.2.0/debian/tmp-nvptx/usr,amdgcn-amdhsa=/build/gcc-12-bTRWOB/gcc-12-12.2.0/debian/tmp-gcn/usr --enable-offload-defaulted --without-cuda-driver --enable-checking=release --build=x86_64-linux-gnu --host=x86_64-linux-gnu --target=x86_64-linux-gnu
Thread model: posix
Supported LTO compression algorithms: zlib zstd
gcc version 12.2.0 (Debian 12.2.0-14) 
... rest of stderr output deleted ...
configure:4400: $? = 0
configure:4389: gcc -V >&5
gcc: error: unrecognized command-line option '-V'
gcc: fatal error: no input files
compilation terminated.
configure:4400: $? = 1
configure:4389: gcc -qversion >&5
gcc: error: unrecognized command-line option '-qversion'; did you mean '--version'?
gcc: fatal error: no input files
compilation terminated.
configure:4400: $? = 1
configure:4389: gcc -version >&5
gcc: error: unrecognized command-line option '-version'
gcc: fatal error: no input files
compilation terminated.
configure:4400: $? = 1
configure:4420: checking whether the C compiler works
configure:4442: gcc    conftest.c  >&5
configure:4446: $? = 0
configure:4496: result: yes
configure:4499: checking for C compiler default output file name
configure:4501: result: a.out
configure:4507: checking for suffix of executables
configure:4514: gcc -o conftest    conftest.c  >&5
configure:4518: $? = 0
configure:4541: result: 
configure:4563: checking whether we are cross compiling
configure:4571: gcc -o conftest    conftest.c  >&5
configure:4575: $? = 0
configure:4582: ./conftest
configure:4586: $? = 0
configure:4601: result: no
configure:4606: checking for suffix of object files
configure:4629: gcc -c   conftest.c >&5
configure:4633: $? = 0
configure:4655: result: o
configure:4659: checking whether the compiler supports GNU C
configure:4679: gcc -c   conftest.c >&5
configure:4679: $? = 0
configure:4689: result: yes
configure:4700: checking whether gcc accepts -g
configure:4721: gcc -c -g  conftest.c >&5
configure:4721: $? = 0
configure:4765: result: yes
configure:4785: checking for gcc option to enable C11 features
configure:4800: gcc  -c -g -O2  conftest.c >&5
configure:4800: $? = 0
configure:4818: result: none needed
configure:4934: checking whether gcc understands -c and -o together
configure:4957: gcc -c conftest.c -o conftest2.o
configure:4960: $? = 0
configure:4957: gcc -c conftest.c -o conftest2.o
configure:4960: $? = 0
configure:4972: result: yes
configure:4991: checking dependency style of gcc
configure:5103: result: gcc3
configure:5188: checking for g++
configure:5209: found /usr/bin/g++
configure:5220: result: g++
configure:5247: checking for C++ compiler version
configure:5256: g++ --version >&5
g++ (Debian 12.2.0-14) 12.2.0
Copyright (C) 2022 Free Software Foundation, Inc.
This is free software; see the source for copying conditions.  There is NO
warranty; not even for MERCHANTABILITY or FITNESS FOR A PARTICULAR PURPOSE.

configure:5267: $? = 0
configure:5256: g++ -v >&5
Using built-in specs.
COLLECT_GCC=g++
COLLECT_LTO_WRAPPER=/usr/lib/gcc/x86_64-linux-gnu/12/lto-wrapper
OFFLOAD_TARGET_NAMES=nvptx-none:amdgcn-amdhsa
OFFLOAD_TARGET_DEFAULT=1
Target: x86_64-linux-gnu
Configured with: ../src/configure -v --with-pkgversion='Debian 12.2.0-14' --with-bugurl=file:///usr/share/doc/gcc-12/README.Bugs --enable-languages=c,ada,c++,go,d,fortran,objc,obj-c++,m2 --prefix=/usr --with-gcc-major-version-only --program-suffix=-12 --program-prefix=x86_64-linux-gnu- --enable-shared --enable-linker-build-id --libexecdir=/usr/lib --without-included-gettext --enable-threads=posix --libdir=/usr/lib --enable-nls --enable-clocale=gnu --enable-libstdcxx-debug --enable-libstdcxx-time=yes --with-default-libstdcxx-abi=new --enable-gnu-unique-object --disable-vtable-verify --enable-plugin --enable-default-pie --with-system-zlib --enable-libphobos-checking=release --with-target-system-zlib=auto --enable-objc-gc=auto --enable-multiarch --disable-werror --enable-cet --with-arch-32=i686 --with-abi=m64 --with-multilib-list=m32,m64,mx32 --enable-multilib --with-tune=generic --enable-offload-targets=nvptx-none=/build/gcc-12-bTRWOB/gcc-12-12.2.0/debian/tmp-nvptx/usr,amdgcn-amdhsa=/build/gcc-12-bTRWOB/gcc-12-12.2.0/debian/tmp-gcn/usr --enable-offload-defaulted --without-cuda-driver --enable-checking=release --build=x86_64-linux-gnu --host=x86_64-linux-gnu --target=x86_64-linux-gnu
Thread model: posix
Supported LTO compression algorithms: zlib zstd
gcc version 12.2.0 (Debian 12.2.0-14) 
... rest of stderr output deleted ...
configure:5267: $? = 0
configure:5256: g++ -V >&5
g++: error: unrecognized command-line option '-V'
g++: fatal error: no input files
compilation terminated.
configure:5267: $? = 1
configure:5256: g++ -qversion >&5
g++: error: unrecognized command-line option '-qversion'; did you mean '--version'?
g++: fatal error: no input files
compilation terminated.
configure:5267: $? = 1
configure:5271: checking whether the compiler supports GNU C++
configure:5291: g++ -c   conftest.cpp >&5
configure:5291: $? = 0
configure:5301: result: yes
configure:5312: checking whether g++ accepts -g
configure:5333: g++ -c -g  conftest.cpp >&5
configure:5333: $? = 0
configure:5377: result: yes
configure:5397: checking for g++ option to enable C++11 features
configure:5412: g++  -c -g -O2  conftest.cpp >&5
conftest.cpp: In function 'int main(int, char**)':
conftest.cpp:180:25: warning: empty parentheses were disambiguated as a function declaration [-Wvexing-parse]
  180 |   cxx11test::delegate d2();
      |                         ^~
conftest.cpp:180:25: note: remove parentheses to default-initialize a variable
  180 |   cxx11test::delegate d2();
      |                         ^~
      |                         --
conftest.cpp:180:25: note: or replace parentheses with braces to value-initialize a variable
configure:5412: $? = 0
configure:5430: result: none needed
configure:5496: checking dependency style of g++
configure:5608: result: gcc3
configure:5632: checking dependency style of gcc
configure:5742: result: gcc3
configure:5805: checking how to print strings
configure:5832: result: printf
configure:5853: checking for a sed that does not truncate output
configure:5923: result: /usr/bin/sed
configure:5941: checking for grep that handles long lines and -e
configure:6005: result: /usr/bin/grep
configure:6010: checking for egrep
configure:6078: result: /usr/bin/grep -E
configure:6083: checking for fgrep
configure:6151: result: /usr/bin/grep -F
configure:6187: checking for ld used by gcc
configure:6255: result: /usr/bin/ld
configure:6262: checking if the linker (/usr/bin/ld) is GNU ld
configure:6278: result: yes
configure:6290: checking for BSD- or MS-compatible name lister (nm)
configure:6345: result: /usr/bin/nm -B
configure:6485: checking the name lister (/usr/bin/nm -B) interface
configure:6493: gcc -c -g -O2  conftest.c >&5
configure:6496: /usr/bin/nm -B "conftest.o"
configure:6499: output
0000000000000000 B some_variable
configure:6506: result: BSD nm
configure:6509: checking whether ln -s works
configure:6513: result: yes
configure:6521: checking the maximum length of command line arguments
configure:6653: result: 1572864
configure:6701: checking how to convert x86_64-pc-linux-gnu file names to x86_64-pc-linux-gnu format
configure:6742: result: func_convert_file_noop
configure:6749: checking how to convert x86_64-pc-linux-gnu file names to toolchain format
configure:6770: result: func_convert_file_noop
configure:6777: checking for /usr/bin/ld option to reload object files
configure:6785: result: -r
configure:6864: checking for file
configure:6885: found /usr/bin/file
configure:6896: result: file
configure:6972: checking for objdump
configure:6993: found /usr/bin/objdump
configure:7004: result: objdump
configure:7036: checking how to recognize dependent libraries
configure:7237: result: pass_all
configure:7327: checking for dlltool
configure:7362: result: no
configure:7392: checking how to associate runtime and link libraries
configure:7420: result: printf %s\n
configure:7486: checking for ar
configure:7507: found /usr/bin/ar
configure:7518: result: ar
configure:7571: checking for archiver @FILE support
configure:7589: gcc -c -g -O2  conftest.c >&5
configure:7589: $? = 0
configure:7593: ar cr libconftest.a @conftest.lst >&5
configure:7596: $? = 0
configure:7601: ar cr libconftest.a @conftest.lst >&5
ar: conftest.o: No such file or directory
configure:7604: $? = 1
configure:7616: result: @
configure:7679: checking for strip
configure:7700: found /usr/bin/strip
configure:7711: result: strip
configure:7788: checking for ranlib
configure:7809: found /usr/bin/ranlib
configure:7820: result: ranlib
configure:7922: checking command to parse /usr/bin/nm -B output from gcc object
configure:8076: gcc -c -g -O2  conftest.c >&5
configure:8079: $? = 0
configure:8083: /usr/bin/nm -B conftest.o \| /usr/bin/sed -n -e 's/^.*[ ]\([ABCDGIRSTW][ABCDGIRSTW]*\)[ ][ ]*\([_A-Za-z][_A-Za-z0-9]*\)$/\1 \2 \2/p' | /usr/bin/sed '/ __gnu_lto/d' \> conftest.nm
configure:8086: $? = 0
configure:8152: gcc -o conftest -g -O2   conftest.c conftstm.o >&5
configure:8155: $? = 0
configure:8193: result: ok
configure:8240: checking for sysroot
configure:8271: result: no
configure:8278: checking for a working dd
configure:8322: result: /usr/bin/dd
configure:8326: checking how to truncate binary pipes
configure:8342: result: /usr/bin/dd bs=4096 count=1
configure:8479: gcc -c -g -O2  conftest.c >&5
configure:8482: $? = 0
configure:8679: checking for mt
configure:8700: found /usr/bin/mt
configure:8711: result: mt
configure:8734: checking if mt is a manifest tool
configure:8741: mt '-?'
configure:8749: result: no
configure:9474: checking for stdio.h
configure:9474: gcc -c -g -O2  conftest.c >&5
configure:9474: $? = 0
configure:9474: result: yes
configure:9474: checking for stdlib.h
configure:9474: gcc -c -g -O2  conftest.c >&5
configure:9474: $? = 0
configure:9474: result: yes
configure:9474: checking for string.h
configure:9474: gcc -c -g -O2  conftest.c >&5
configure:9474: $? = 0
configure:9474: result: yes
configure:9474: checking for inttypes.h
configure:9474: gcc -c -g -O2  conftest.c >&5
configure:9474: $? = 0
configure:9474: result: yes
configure:9474: checking for stdint.h
configure:9474: gcc -c -g -O2  conftest.c >&5
configure:9474: $? = 0
configure:9474: result: yes
configure:9474: checking for strings.h
configure:9474: gcc -c -g -O2  conftest.c >&5
configure:9474: $? = 0
configure:9474: result: yes
configure:9474: checking for sys/stat.h
configure:9474: gcc -c -g -O2  conftest.c >&5
configure:9474: $? = 0
configure:9474: result: yes
configure:9474: checking for sys/types.h
configure:9474: gcc -c -g -O2  conftest.c >&5
configure:9474: $? = 0
configure:9474: result: yes
configure:9474: checking for unistd.h
configure:9474: gcc -c -g -O2  conftest.c >&5
configure:9474: $? = 0
configure:9474: result: yes
configure:9499: checking for dlfcn.h
configure:9499: gcc -c -g -O2  conftest.c >&5
configure:9499: $? = 0
configure:9499: result: yes
configure:9768: checking for objdir
configure:9784: result: .libs
configure:10048: checking if gcc supports -fno-rtti -fno-exceptions
configure:10067: gcc -c -g -O2  -fno-rtti -fno-exceptions conftest.c >&5
cc1: warning: command-line option '-fno-rtti' is valid for C++/D/ObjC++ but not for C
configure:10071: $? = 0
configure:10084: result: no
configure:10442: checking for gcc option to produce PIC
configure:10450: result: -fPIC -DPIC
configure:10458: checking if gcc PIC flag -fPIC -DPIC works
configure:10477: gcc -c -g -O2  -fPIC -DPIC -DPIC conftest.c >&5
configure:10481: $? = 0
configure:10494: result: yes
configure:10523: checking if gcc static flag -static works
configure:10552: result: yes
configure:10567: checking if gcc supports -c -o file.o
configure:10589: gcc -c -g -O2  -o out/conftest2.o conftest.c >&5
configure:10593: $? = 0
configure:10615: result: yes
configure:10623: checking if gcc supports -c -o file.o
configure:10671: result: yes
configure:10704: checking whether the gcc linker (/usr/bin/ld -m elf_x86_64) supports shared libraries
configure:11972: result: yes
configure:12009: checking whether -lc should be explicitly linked in
configure:12018: gcc -c -g -O2  conftest.c >&5
configure:12021: $? = 0
configure:12036: gcc -shared  -fPIC -DPIC conftest.o  -v -Wl,-soname -Wl,conftest -o conftest 2\>\&1 \| /usr/bin/grep  -lc  \>/dev/null 2\>\&1
configure:12039: $? = 0
configure:12053: result: no
configure:12213: checking dynamic linker characteristics
configure:12795: gcc -o conftest -g -O2   -Wl,-rpath -Wl,/foo conftest.c  >&5
configure:12795: $? = 0
configure:13034: result: GNU/Linux ld.so
configure:13156: checking how to hardcode library paths into programs
configure:13181: result: immediate
configure:13733: checking whether stripping libraries is possible
configure:13742: result: yes
configure:13784: checking if libtool supports shared libraries
configure:13786: result: yes
configure:13789: checking whether to build shared libraries
configure:13814: result: yes
configure:13817: checking whether to build static libraries
configure:13821: result: no
configure:13844: checking how to run the C++ preprocessor
configure:13866: g++ -E  conftest.cpp
configure:13866: $? = 0
configure:13881: g++ -E  conftest.cpp
conftest.cpp:26:10: fatal error: ac_nonexistent.h: No such file or directory
   26 | #include <ac_nonexistent.h>
      |          ^~~~~~~~~~~~~~~~~~
compilation terminated.
configure:13881: $? = 1
configure: failed program was:
| /* confdefs.h */
| #define PACKAGE_NAME "gc"
| #define PACKAGE_TARNAME "gc"
| #define PACKAGE_VERSION "8.2.8"
| #define PACKAGE_STRING "gc 8.2.8"
| #define PACKAGE_BUGREPORT "https://github.com/ivmai/bdwgc/issues"
| #define PACKAGE_URL ""
| #define GC_VERSION_MAJOR 8
| #define GC_VERSION_MINOR 2
| #define GC_VERSION_MICRO 8
| #define PACKAGE "gc"
| #define VERSION "8.2.8"
| #define HAVE_STDIO_H 1
| #define HAVE_STDLIB_H 1
| #define HAVE_STRING_H 1
| #define HAVE_INTTYPES_H 1
| #define HAVE_STDINT_H 1
| #define HAVE_STRINGS_H 1
| #define HAVE_SYS_STAT_H 1
| #define HAVE_SYS_TYPES_H 1
| #define HAVE_UNISTD_H 1
| #define STDC_HEADERS 1
| #define HAVE_DLFCN_H 1
| #define LT_OBJDIR ".libs/"
| /* end confdefs.h.  */
| #include <ac_nonexistent.h>
configure:13908: result: g++ -E
configure:13922: g++ -E  conftest.cpp
configure:13922: $? = 0
configure:13937: g++ -E  conftest.cpp
conftest.cpp:26:10: fatal error: ac_nonexistent.h: No such file or directory
   26 | #include <ac_nonexistent.h>
      |          ^~~~~~~~~~~~~~~~~~
compilation terminated.
configure:13937: $? = 1
configure: failed program was:
| /* confdefs.h */
| #define PACKAGE_NAME "gc"
| #define PACKAGE_TARNAME "gc"
| #define PACKAGE_VERSION "8.2.8"
| #define PACKAGE_STRING "gc 8.2.8"
| #define PACKAGE_BUGREPORT "https://github.com/ivmai/bdwgc/issues"
| #define PACKAGE_URL ""
| #define GC_VERSION_MAJOR 8
| #define GC_VERSION_MINOR 2
| #define GC_VERSION_MICRO 8
| #define PACKAGE "gc"
| #define VERSION "8.2.8"
| #define HAVE_STDIO_H 1
| #define HAVE_STDLIB_H 1
| #define HAVE_STRING_H 1
| #define HAVE_INTTYPES_H 1
| #define HAVE_STDINT_H 1
| #define HAVE_STRINGS_H 1
| #define HAVE_SYS_STAT_H 1
| #define HAVE_SYS_TYPES_H 1
| #define HAVE_UNISTD_H 1
| #define STDC_HEADERS 1
| #define HAVE_DLFCN_H 1
| #define LT_OBJDIR ".libs/"
| /* end confdefs.h.  */
| #include <ac_nonexistent.h>
configure:14102: checking for ld used by g++
configure:14170: result: /usr/bin/ld -m elf_x86_64
configure:14177: checking if the linker (/usr/bin/ld -m elf_x86_64) is GNU ld
configure:14193: result: yes
configure:14248: checking whether the g++ linker (/usr/bin/ld -m elf_x86_64) supports shared libraries
configure:15326: result: yes
configure:15362: g++ -c -g -O2  conftest.cpp >&5
configure:15365: $? = 0
configure:15846: checking for g++ option to produce PIC
configure:15854: result: -fPIC -DPIC
configure:15862: checking if g++ PIC flag -fPIC -DPIC works
configure:15881: g++ -c -g -O2  -fPIC -DPIC -DPIC conftest.cpp >&5
configure:15885: $? = 0
configure:15898: result: yes
configure:15921: checking if g++ static flag -static works
configure:15950: result: yes
configure:15962: checking if g++ supports -c -o file.o
configure:15984: g++ -c -g -O2  -o out/conftest2.o conftest.cpp >&5
configure:15988: $? = 0
configure:16010: result: yes
configure:16015: checking if g++ supports -c -o file.o
configure:16063: result: yes
configure:16093: checking whether the g++ linker (/usr/bin/ld -m elf_x86_64) supports shared libraries
configure:16133: result: yes
configure:16275: checking dynamic linker characteristics
configure:17023: result: GNU/Linux ld.so
configure:17088: checking how to hardcode library paths into programs
configure:17113: result: immediate
configure:17222: checking for emscripten
configure:17232: gcc -c -g -O2  conftest.c >&5
conftest.c:28:7: error: #error This is not Emscripten
   28 | #     error This is not Emscripten
      |       ^~~~~
configure:17232: $? = 1
configure: failed program was:
| /* confdefs.h */
| #define PACKAGE_NAME "gc"
| #define PACKAGE_TARNAME "gc"
| #define PACKAGE_VERSION "8.2.8"
| #define PACKAGE_STRING "gc 8.2.8"
| #define PACKAGE_BUGREPORT "https://github.com/ivmai/bdwgc/issues"
| #define PACKAGE_URL ""
| #define GC_VERSION_MAJOR 8
| #define GC_VERSION_MINOR 2
| #define GC_VERSION_MICRO 8
| #define PACKAGE "gc"
| #define VERSION "8.2.8"
| #define HAVE_STDIO_H 1
| #define HAVE_STDLIB_H 1
| #define HAVE_STRING_H 1
| #define HAVE_INTTYPES_H 1
| #define HAVE_STDINT_H 1
| #define HAVE_STRINGS_H 1
| #define HAVE_SYS_STAT_H 1
| #define HAVE_SYS_TYPES_H 1
| #define HAVE_UNISTD_H 1
| #define STDC_HEADERS 1
| #define HAVE_DLFCN_H 1
| #define LT_OBJDIR ".libs/"
| /* end confdefs.h.  */
| 
| #   ifndef __EMSCRIPTEN__
| #     error This is not Emscripten
| #   endif
| 
configure:17247: result: no
configure:17275: checking for thread model used by GCC
configure:17289: result: posix
configure:17356: checking for inline
configure:17373: gcc -c -g -O2   conftest.c >&5
configure:17373: $? = 0
configure:17382: result: inline
configure:17430: WARNING: "Explicit GC_INIT() calls may be required."
configure:17434: checking for pthread_self in -lpthread
configure:17457: gcc -o conftest -g -O2   conftest.c -lpthread   >&5
configure:17457: $? = 0
configure:17467: result: yes
configure:17606: checking for clock_gettime without additional libraries
configure:17619: gcc -o conftest -g -O2   conftest.c  >&5
configure:17619: $? = 0
configure:17621: result: yes
configure:17748: checking whether compiler supports -Wextra
configure:17763: gcc -c -Wextra -g -O2  conftest.c >&5
configure:17763: $? = 0
configure:17771: result: yes
configure:17779: checking whether compiler supports -Wpedantic
configure:17795: gcc -c -Wpedantic -Wno-long-long -g -O2  conftest.c >&5
configure:17795: $? = 0
configure:17803: result: yes
configure:17814: checking for xlc
configure:17831: gcc -c -Wall -Wextra -Wpedantic -Wno-long-long -g -O2  conftest.c >&5
conftest.c: In function 'main':
conftest.c:34:4: error: #error 
   34 |  # error
      |    ^~~~~
configure:17831: $? = 1
configure: failed program was:
| /* confdefs.h */
| #define PACKAGE_NAME "gc"
| #define PACKAGE_TARNAME "gc"
| #define PACKAGE_VERSION "8.2.8"
| #define PACKAGE_STRING "gc 8.2.8"
| #define PACKAGE_BUGREPORT "https://github.com/ivmai/bdwgc/issues"
| #define PACKAGE_URL ""
| #define GC_VERSION_MAJOR 8
| #define GC_VERSION_MINOR 2
| #define GC_VERSION_MICRO 8
| #define PACKAGE "gc"
| #define VERSION "8.2.8"
| #define HAVE_STDIO_H 1
| #define HAVE_STDLIB_H 1
| #define HAVE_STRING_H 1
| #define HAVE_INTTYPES_H 1
| #define HAVE_STDINT_H 1
| #define HAVE_STRINGS_H 1
| #define HAVE_SYS_STAT_H 1
| #define HAVE_SYS_TYPES_H 1
| #define HAVE_UNISTD_H 1
| #define STDC_HEADERS 1
| #define HAVE_DLFCN_H 1
| #define LT_OBJDIR ".libs/"
| #define GC_THREADS 1
| #define _REENTRANT 1
| /* end confdefs.h.  */
| 
| int
| main (void)
| {
| 
|  #ifndef __xlC__
|  # error
|  #endif
| 
|   ;
|   return 0;
| }
configure:17838: result: no
configure:17860: checking whether compiler supports -fno-strict-aliasing
configure:17886: gcc -c -Wall -Wextra -Wpedantic -Wno-long-long -g -O2 -fno-strict-aliasing  conftest.c >&5
configure:17886: $? = 0
configure:17897: result: yes
configure:17902: checking for getcontext
configure:17902: gcc -o conftest -Wall -Wextra -Wpedantic -Wno-long-long -g -O2 -fno-strict-aliasing   conftest.c  >&5
configure:17902: $? = 0
configure:17902: result: yes
configure:17914: checking for dl_iterate_phdr
configure:17914: gcc -o conftest -Wall -Wextra -Wpedantic -Wno-long-long -g -O2 -fno-strict-aliasing   conftest.c  >&5
configure:17914: $? = 0
configure:17914: result: yes
configure:17931: checking for dlopen in -ldl
configure:17954: gcc -o conftest -Wall -Wextra -Wpedantic -Wno-long-long -g -O2 -fno-strict-aliasing   conftest.c -ldl   >&5
configure:17954: $? = 0
configure:17964: result: yes
configure:17991: checking for execinfo.h
configure:17991: gcc -c -Wall -Wextra -Wpedantic -Wno-long-long -g -O2 -fno-strict-aliasing  conftest.c >&5
configure:17991: $? = 0
configure:17991: result: yes
configure:18093: checking whether to build shared libraries
configure:18133: result: yes
configure:18142: checking whether compiler supports -fvisibility
configure:18157: gcc -c -Werror -fvisibility=hidden -Wall -Wextra -Wpedantic -Wno-long-long -g -O2 -fno-strict-aliasing  conftest.c >&5
configure:18157: $? = 0
configure:18171: result: yes
configure:18192: checking which machine-dependent code should be used
configure:18231: result: 
configure:18292: checking whether AIX gcc optimization fix is necessary
configure:18315: result: no
configure:18484: checking whether -Wno-frame-address works
configure:18502: gcc -c -DGC_VISIBILITY_HIDDEN_SET -fvisibility=hidden -Wall -Wextra -Wpedantic -Wno-long-long -g -O2 -fno-strict-aliasing -Werror -Wno-frame-address   conftest.c >&5
configure:18502: $? = 0
configure:18508: result: yes
configure:18515: checking for dladdr
configure:18536: gcc -c -DGC_VISIBILITY_HIDDEN_SET -fvisibility=hidden -Wall -Wextra -Wpedantic -Wno-long-long -g -O2 -fno-strict-aliasing -Wno-frame-address   conftest.c >&5
configure:18536: $? = 0
configure:18542: result: yes
configure:18551: checking for sigsetjmp
configure:18566: gcc -o conftest -DGC_VISIBILITY_HIDDEN_SET -fvisibility=hidden -Wall -Wextra -Wpedantic -Wno-long-long -g -O2 -fno-strict-aliasing -Wno-frame-address    conftest.c  >&5
configure:18566: $? = 0
configure:18568: result: yes
configure:18584: checking for pthread_setname_np
configure:18602: gcc -c -DGC_VISIBILITY_HIDDEN_SET -fvisibility=hidden -Wall -Wextra -Wpedantic -Wno-long-long -g -O2 -fno-strict-aliasing -Wno-frame-address  -Werror  conftest.c >&5
conftest.c: In function 'main':
conftest.c:42:20: error: passing argument 1 of 'pthread_setname_np' makes integer from pointer without a cast [-Werror=int-conversion]
   42 | pthread_setname_np("thread-name")
      |                    ^~~~~~~~~~~~~
      |                    |
      |                    char *
In file included from conftest.c:37:
/usr/include/pthread.h:463:42: note: expected 'pthread_t' {aka 'long unsigned int'} but argument is of type 'char *'
  463 | extern int pthread_setname_np (pthread_t __target_thread, const char *__name)
      |                                ~~~~~~~~~~^~~~~~~~~~~~~~~
conftest.c:42:1: error: too few arguments to function 'pthread_setname_np'
   42 | pthread_setname_np("thread-name")
      | ^~~~~~~~~~~~~~~~~~
/usr/include/pthread.h:463:12: note: declared here
  463 | extern int pthread_setname_np (pthread_t __target_thread, const char *__name)
      |            ^~~~~~~~~~~~~~~~~~
cc1: all warnings being treated as errors
configure:18602: $? = 1
configure: failed program was:
| /* confdefs.h */
| #define PACKAGE_NAME "gc"
| #define PACKAGE_TARNAME "gc"
| #define PACKAGE_VERSION "8.2.8"
| #define PACKAGE_STRING "gc 8.2.8"
| #define PACKAGE_BUGREPORT "https://github.com/ivmai/bdwgc/issues"
| #define PACKAGE_URL ""
| #define GC_VERSION_MAJOR 8
| #define GC_VERSION_MINOR 2
| #define GC_VERSION_MICRO 8
| #define PACKAGE "gc"
| #define VERSION "8.2.8"
| #define HAVE_STDIO_H 1
| #define HAVE_STDLIB_H 1
| #define HAVE_STRING_H 1
| #define HAVE_INTTYPES_H 1
| #define HAVE_STDINT_H 1
| #define HAVE_STRINGS_H 1
| #define HAVE_SYS_STAT_H 1
| #define HAVE_SYS_TYPES_H 1
| #define HAVE_UNISTD_H 1
| #define STDC_HEADERS 1
| #define HAVE_DLFCN_H 1
| #define LT_OBJDIR ".libs/"
| #define GC_THREADS 1
| #define _REENTRANT 1
| #define HAVE_DL_ITERATE_PHDR 1
| #define GC_DLL 1
| #define NO_EXECUTE_PERMISSION 1
| #define ALL_INTERIOR_POINTERS 1
| #define GC_GCJ_SUPPORT 1
| #define GC_ENABLE_SUSPEND_THREAD 1
| #define HAVE_DLADDR 1
| /* end confdefs.h.  */
| 
| #         define _GNU_SOURCE 1
| #         include <pthread.h>
| 
| int
| main (void)
| {
| pthread_setname_np("thread-name")
|   ;
|   return 0;
| }
configure:18624: gcc -c -DGC_VISIBILITY_HIDDEN_SET -fvisibility=hidden -Wall -Wextra -Wpedantic -Wno-long-long -g -O2 -fno-strict-aliasing -Wno-frame-address  -Werror  conftest.c >&5
conftest.c: In function 'main':
conftest.c:42:1: error: too many arguments to function 'pthread_setname_np'
   42 | pthread_setname_np(pthread_self(), "thread-name-%u", 0)
      | ^~~~~~~~~~~~~~~~~~
In file included from conftest.c:37:
/usr/include/pthread.h:463:12: note: declared here
  463 | extern int pthread_setname_np (pthread_t __target_thread, const char *__name)
      |            ^~~~~~~~~~~~~~~~~~
configure:18624: $? = 1
configure: failed program was:
| /* confdefs.h */
| #define PACKAGE_NAME "gc"
| #define PACKAGE_TARNAME "gc"
| #define PACKAGE_VERSION "8.2.8"
| #define PACKAGE_STRING "gc 8.2.8"
| #define PACKAGE_BUGREPORT "https://github.com/ivmai/bdwgc/issues"
| #define PACKAGE_URL ""
| #define GC_VERSION_MAJOR 8
| #define GC_VERSION_MINOR 2
| #define GC_VERSION_MICRO 8
| #define PACKAGE "gc"
| #define VERSION "8.2.8"
| #define HAVE_STDIO_H 1
| #define HAVE_STDLIB_H 1
| #define HAVE_STRING_H 1
| #define HAVE_INTTYPES_H 1
| #define HAVE_STDINT_H 1
| #define HAVE_STRINGS_H 1
| #define HAVE_SYS_STAT_H 1
| #define HAVE_SYS_TYPES_H 1
| #define HAVE_UNISTD_H 1
| #define STDC_HEADERS 1
| #define HAVE_DLFCN_H 1
| #define LT_OBJDIR ".libs/"
| #define GC_THREADS 1
| #define _REENTRANT 1
| #define HAVE_DL_ITERATE_PHDR 1
| #define GC_DLL 1
| #define NO_EXECUTE_PERMISSION 1
| #define ALL_INTERIOR_POINTERS 1
| #define GC_GCJ_SUPPORT 1
| #define GC_ENABLE_SUSPEND_THREAD 1
| #define HAVE_DLADDR 1
| /* end confdefs.h.  */
| 
| #         define _GNU_SOURCE 1
| #         include <pthread.h>
| 
| int
| main (void)
| {
| pthread_setname_np(pthread_self(), "thread-name-%u", 0)
|   ;
|   return 0;
| }
configure:18646: gcc -c -DGC_VISIBILITY_HIDDEN_SET -fvisibility=hidden -Wall -Wextra -Wpedantic -Wno-long-long -g -O2 -fno-strict-aliasing -Wno-frame-address  -Werror  conftest.c >&5
configure:18646: $? = 0
configure:18648: result: yes (with tid)
configure:18667: checking for sys/dg_sys_info.h
configure:18667: gcc -c -DGC_VISIBILITY_HIDDEN_SET -fvisibility=hidden -Wall -Wextra -Wpedantic -Wno-long-long -g -O2 -fno-strict-aliasing -Wno-frame-address  conftest.c >&5
conftest.c:64:10: fatal error: sys/dg_sys_info.h: No such file or directory
   64 | #include <sys/dg_sys_info.h>
      |          ^~~~~~~~~~~~~~~~~~~
compilation terminated.
configure:18667: $? = 1
configure: failed program was:
| /* confdefs.h */
| #define PACKAGE_NAME "gc"
| #define PACKAGE_TARNAME "gc"
| #define PACKAGE_VERSION "8.2.8"
| #define PACKAGE_STRING "gc 8.2.8"
| #define PACKAGE_BUGREPORT "https://github.com/ivmai/bdwgc/issues"
| #define PACKAGE_URL ""
| #define GC_VERSION_MAJOR 8
| #define GC_VERSION_MINOR 2
| #define GC_VERSION_MICRO 8
| #define PACKAGE "gc"
| #define VERSION "8.2.8"
| #define HAVE_STDIO_H 1
| #define HAVE_STDLIB_H 1
| #define HAVE_STRING_H 1
| #define HAVE_INTTYPES_H 1
| #define HAVE_STDINT_H 1
| #define HAVE_STRINGS_H 1
| #define HAVE_SYS_STAT_H 1
| #define HAVE_SYS_TYPES_H 1
| #define HAVE_UNISTD_H 1
| #define STDC_HEADERS 1
| #define HAVE_DLFCN_H 1
| #define LT_OBJDIR ".libs/"
| #define GC_THREADS 1
| #define _REENTRANT 1
| #define HAVE_DL_ITERATE_PHDR 1
| #define GC_DLL 1
| #define NO_EXECUTE_PERMISSION 1
| #define ALL_INTERIOR_POINTERS 1
| #define GC_GCJ_SUPPORT 1
| #define GC_ENABLE_SUSPEND_THREAD 1
| #define HAVE_DLADDR 1
| #define HAVE_PTHREAD_SETNAME_NP_WITH_TID 1
| /* end confdefs.h.  */
| #include <stddef.h>
| #ifdef HAVE_STDIO_H
| # include <stdio.h>
| #endif
| #ifdef HAVE_STDLIB_H
| # include <stdlib.h>
| #endif
| #ifdef HAVE_STRING_H
| # include <string.h>
| #endif
| #ifdef HAVE_INTTYPES_H
| # include <inttypes.h>
| #endif
| #ifdef HAVE_STDINT_H
| # include <stdint.h>
| #endif
| #ifdef HAVE_STRINGS_H
| # include <strings.h>
| #endif
| #ifdef HAVE_SYS_TYPES_H
| # include <sys/types.h>
| #endif
| #ifdef HAVE_SYS_STAT_H
| # include <sys/stat.h>
| #endif
| #ifdef HAVE_UNISTD_H
| # include <unistd.h>
| #endif
| #include <sys/dg_sys_info.h>
configure:18667: result: no
configure:18992: checking for compiler intrinsics support
configure:19006: gcc -o conftest -DGC_VISIBILITY_HIDDEN_SET -fvisibility=hidden -Wall -Wextra -Wpedantic -Wno-long-long -g -O2 -fno-strict-aliasing -Wno-frame-address  -DGC_BUILTIN_ATOMIC -I./include -I./tests   conftest.c  >&5
configure:19006: $? = 0
configure:19006: ./conftest
configure:19006: $? = 0
configure:19008: result: yes
configure:19061: checking which libatomic_ops to use
configure:19074: result: none
configure:19361: checking that generated files are newer than configure
configure:19367: result: done
configure:19490: creating ./config.status

## ---------------------- ##
## Running config.status. ##
## ---------------------- ##

This file was extended by gc config.status 8.2.8, which was
generated by GNU Autoconf 2.71.  Invocation command line was

  CONFIG_FILES    = 
  CONFIG_HEADERS  = 
  CONFIG_LINKS    = 
  CONFIG_COMMANDS = 
  $ ./config.status 

on ppti-14-408-10

config.status:1248: creating Makefile
config.status:1248: creating bdw-gc.pc
config.status:1248: creating include/config.h
config.status:1477: executing depfiles commands
config.status:1554: cd .       && sed -e '/# am--include-marker/d' Makefile         | make -f - am--depfiles
config.status:1559: $? = 0
config.status:1477: executing libtool commands
config.status:1477: executing default commands

## ---------------- ##
## Cache variables. ##
## ---------------- ##

ac_cv_build=x86_64-pc-linux-gnu
ac_cv_c_compiler_gnu=yes
ac_cv_c_inline=inline
ac_cv_cc_pedantic=yes
ac_cv_cc_wextra=yes
ac_cv_cxx_compiler_gnu=yes
ac_cv_env_CCASFLAGS_set=
ac_cv_env_CCASFLAGS_value=
ac_cv_env_CCAS_set=
ac_cv_env_CCAS_value=
ac_cv_env_CCC_set=
ac_cv_env_CCC_value=
ac_cv_env_CC_set=
ac_cv_env_CC_value=
ac_cv_env_CFLAGS_set=
ac_cv_env_CFLAGS_value=
ac_cv_env_CPPFLAGS_set=
ac_cv_env_CPPFLAGS_value=
ac_cv_env_CXXCPP_set=
ac_cv_env_CXXCPP_value=
ac_cv_env_CXXFLAGS_set=
ac_cv_env_CXXFLAGS_value=
ac_cv_env_CXX_set=
ac_cv_env_CXX_value=
ac_cv_env_LDFLAGS_set=
ac_cv_env_LDFLAGS_value=
ac_cv_env_LIBS_set=
ac_cv_env_LIBS_value=
ac_cv_env_LT_SYS_LIBRARY_PATH_set=
ac_cv_env_LT_SYS_LIBRARY_PATH_value=
ac_cv_env_build_alias_set=
ac_cv_env_build_alias_value=
ac_cv_env_host_alias_set=
ac_cv_env_host_alias_value=
ac_cv_env_target_alias_set=
ac_cv_env_target_alias_value=
ac_cv_fno_strict_aliasing=yes
ac_cv_func_dl_iterate_phdr=yes
ac_cv_func_getcontext=yes
ac_cv_fvisibility_hidden=yes
ac_cv_header_dlfcn_h=yes
ac_cv_header_execinfo_h=yes
ac_cv_header_inttypes_h=yes
ac_cv_header_stdint_h=yes
ac_cv_header_stdio_h=yes
ac_cv_header_stdlib_h=yes
ac_cv_header_string_h=yes
ac_cv_header_strings_h=yes
ac_cv_header_sys_dg_sys_info_h=no
ac_cv_header_sys_stat_h=yes
ac_cv_header_sys_types_h=yes
ac_cv_header_unistd_h=yes
ac_cv_host=x86_64-pc-linux-gnu
ac_cv_lib_dl_dlopen=yes
ac_cv_lib_pthread_pthread_self=yes
ac_cv_objext=o
ac_cv_path_EGREP='/usr/bin/grep -E'
ac_cv_path_FGREP='/usr/bin/grep -F'
ac_cv_path_GREP=/usr/bin/grep
ac_cv_path_SED=/usr/bin/sed
ac_cv_path_install='/usr/bin/install -c'
ac_cv_path_lt_DD=/usr/bin/dd
ac_cv_path_mkdir=/usr/bin/mkdir
ac_cv_prog_AWK=gawk
ac_cv_prog_CXXCPP='g++ -E'
ac_cv_prog_ac_ct_AR=ar
ac_cv_prog_ac_ct_CC=gcc
ac_cv_prog_ac_ct_CXX=g++
ac_cv_prog_ac_ct_FILECMD=file
ac_cv_prog_ac_ct_MANIFEST_TOOL=mt
ac_cv_prog_ac_ct_OBJDUMP=objdump
ac_cv_prog_ac_ct_RANLIB=ranlib
ac_cv_prog_ac_ct_STRIP=strip
ac_cv_prog_cc_c11=
ac_cv_prog_cc_g=yes
ac_cv_prog_cc_stdc=
ac_cv_prog_cxx_cxx11=
ac_cv_prog_cxx_g=yes
ac_cv_prog_cxx_stdcxx=
ac_cv_prog_make_make_set=yes
ac_cv_target=x86_64-pc-linux-gnu
am_cv_CCAS_dependencies_compiler_type=gcc3
am_cv_CC_dependencies_compiler_type=gcc3
am_cv_CXX_dependencies_compiler_type=gcc3
am_cv_make_support_nested_variables=yes
am_cv_prog_cc_c_o=yes
lt_cv_ar_at_file=@
lt_cv_archive_cmds_need_lc=no
lt_cv_deplibs_check_method=pass_all
lt_cv_file_magic_cmd='$MAGIC_CMD'
lt_cv_file_magic_test_file=
lt_cv_ld_reload_flag=-r
lt_cv_nm_interface='BSD nm'
lt_cv_objdir=.libs
lt_cv_path_LD=/usr/bin/ld
lt_cv_path_LDCXX='/usr/bin/ld -m elf_x86_64'
lt_cv_path_NM='/usr/bin/nm -B'
lt_cv_path_mainfest_tool=no
lt_cv_prog_compiler_c_o=yes
lt_cv_prog_compiler_c_o_CXX=yes
lt_cv_prog_compiler_pic='-fPIC -DPIC'
lt_cv_prog_compiler_pic_CXX='-fPIC -DPIC'
lt_cv_prog_compiler_pic_works=yes
lt_cv_prog_compiler_pic_works_CXX=yes
lt_cv_prog_compiler_rtti_exceptions=no
lt_cv_prog_compiler_static_works=yes
lt_cv_prog_compiler_static_works_CXX=yes
lt_cv_prog_gnu_ld=yes
lt_cv_prog_gnu_ldcxx=yes
lt_cv_sharedlib_from_linklib_cmd='printf %s\n'
lt_cv_shlibpath_overrides_runpath=yes
lt_cv_sys_global_symbol_pipe='/usr/bin/sed -n -e '\''s/^.*[	 ]\([ABCDGIRSTW][ABCDGIRSTW]*\)[	 ][	 ]*\([_A-Za-z][_A-Za-z0-9]*\)$/\1 \2 \2/p'\'' | /usr/bin/sed '\''/ __gnu_lto/d'\'''
lt_cv_sys_global_symbol_to_c_name_address='/usr/bin/sed -n -e '\''s/^: \(.*\) .*$/  {"\1", (void *) 0},/p'\'' -e '\''s/^[ABCDGIRSTW][ABCDGIRSTW]* .* \(.*\)$/  {"\1", (void *) \&\1},/p'\'''
lt_cv_sys_global_symbol_to_c_name_address_lib_prefix='/usr/bin/sed -n -e '\''s/^: \(.*\) .*$/  {"\1", (void *) 0},/p'\'' -e '\''s/^[ABCDGIRSTW][ABCDGIRSTW]* .* \(lib.*\)$/  {"\1", (void *) \&\1},/p'\'' -e '\''s/^[ABCDGIRSTW][ABCDGIRSTW]* .* \(.*\)$/  {"lib\1", (void *) \&\1},/p'\'''
lt_cv_sys_global_symbol_to_cdecl='/usr/bin/sed -n -e '\''s/^T .* \(.*\)$/extern int \1();/p'\'' -e '\''s/^[ABCDGIRSTW][ABCDGIRSTW]* .* \(.*\)$/extern char \1;/p'\'''
lt_cv_sys_global_symbol_to_import=
lt_cv_sys_max_cmd_len=1572864
lt_cv_to_host_file_cmd=func_convert_file_noop
lt_cv_to_tool_file_cmd=func_convert_file_noop
lt_cv_truncate_bin='/usr/bin/dd bs=4096 count=1'

## ----------------- ##
## Output variables. ##
## ----------------- ##

ACLOCAL='${SHELL} '\''/users/nfs/Etu2/28608482/CA/TME4/gc-8.2.8/missing'\'' aclocal-1.16'
AMDEPBACKSLASH='\'
AMDEP_FALSE='#'
AMDEP_TRUE=''
AMTAR='$${TAR-tar}'
AM_BACKSLASH='\'
AM_CFLAGS=''
AM_CPPFLAGS=''
AM_DEFAULT_V='$(AM_DEFAULT_VERBOSITY)'
AM_DEFAULT_VERBOSITY='1'
AM_V='$(V)'
AR='ar'
ASM_WITH_CPP_UNSUPPORTED_FALSE=''
ASM_WITH_CPP_UNSUPPORTED_TRUE='#'
ATOMIC_OPS_CFLAGS=''
ATOMIC_OPS_LIBS=''
AUTOCONF='${SHELL} '\''/users/nfs/Etu2/28608482/CA/TME4/gc-8.2.8/missing'\'' autoconf'
AUTOHEADER='${SHELL} '\''/users/nfs/Etu2/28608482/CA/TME4/gc-8.2.8/missing'\'' autoheader'
AUTOMAKE='${SHELL} '\''/users/nfs/Etu2/28608482/CA/TME4/gc-8.2.8/missing'\'' automake-1.16'
AVOID_CPP_LIB_FALSE=''
AVOID_CPP_LIB_TRUE='#'
AWK='gawk'
CC='gcc'
CCAS='gcc'
CCASDEPMODE='depmode=gcc3'
CCASFLAGS='-g -O2'
CCDEPMODE='depmode=gcc3'
CFLAGS='-DGC_VISIBILITY_HIDDEN_SET -fvisibility=hidden -Wall -Wextra -Wpedantic -Wno-long-long -g -O2 -fno-strict-aliasing -Wno-frame-address'
CFLAGS_EXTRA=''
CHECKSUMS_FALSE=''
CHECKSUMS_TRUE='#'
CPLUSPLUS_FALSE=''
CPLUSPLUS_TRUE='#'
CPPFLAGS=''
CSCOPE='cscope'
CTAGS='ctags'
CXX='g++'
CXXCPP='g++ -E'
CXXDEPMODE='depmode=gcc3'
CXXFLAGS='-Wall -Wextra -Wpedantic -Wno-long-long -g -O2'
CXXLIBS=''
CYGPATH_W='echo'
DARWIN_THREADS_FALSE=''
DARWIN_THREADS_TRUE='#'
DEFS='-DHAVE_CONFIG_H'
DEPDIR='.deps'
DLLTOOL='false'
DSYMUTIL=''
DUMPBIN=''
ECHO_C=''
ECHO_N='-n'
ECHO_T=''
EGREP='/usr/bin/grep -E'
EMSCRIPTEN_FALSE=''
EMSCRIPTEN_TRUE='#'
ENABLE_DISCLAIM_FALSE='#'
ENABLE_DISCLAIM_TRUE=''
ENABLE_DOCS_FALSE='#'
ENABLE_DOCS_TRUE=''
ENABLE_GCJ_SUPPORT_FALSE='#'
ENABLE_GCJ_SUPPORT_TRUE=''
ENABLE_SHARED_FALSE='#'
ENABLE_SHARED_TRUE=''
ETAGS='etags'
EXEEXT=''
EXTRA_TEST_LIBS=''
FGREP='/usr/bin/grep -F'
FILECMD='file'
GC_CFLAGS=' -fexceptions'
GC_TBA_LIBRARY_FALSE=''
GC_TBA_LIBRARY_TRUE='#'
GC_VERSION=''
GREP='/usr/bin/grep'
INSTALL_DATA='${INSTALL} -m 644'
INSTALL_PROGRAM='${INSTALL}'
INSTALL_SCRIPT='${INSTALL}'
INSTALL_STRIP_PROGRAM='$(install_sh) -c -s'
KEEP_BACK_PTRS_FALSE=''
KEEP_BACK_PTRS_TRUE='#'
LD='/usr/bin/ld -m elf_x86_64'
LDFLAGS=''
LIBOBJS=''
LIBS=''
LIBTOOL='$(SHELL) $(top_builddir)/libtool'
LIPO=''
LN_S='ln -s'
LTLIBOBJS=''
LT_SYS_LIBRARY_PATH=''
MAINT='#'
MAINTAINER_MODE_FALSE=''
MAINTAINER_MODE_TRUE='#'
MAKEINFO='${SHELL} '\''/users/nfs/Etu2/28608482/CA/TME4/gc-8.2.8/missing'\'' makeinfo'
MAKE_BACK_GRAPH_FALSE=''
MAKE_BACK_GRAPH_TRUE='#'
MANIFEST_TOOL=':'
MKDIR_P='/usr/bin/mkdir -p'
NEED_ATOMIC_OPS_ASM_FALSE=''
NEED_ATOMIC_OPS_ASM_TRUE='#'
NM='/usr/bin/nm -B'
NMEDIT=''
OBJDUMP='objdump'
OBJEXT='o'
OTOOL64=''
OTOOL=''
PACKAGE='gc'
PACKAGE_BUGREPORT='https://github.com/ivmai/bdwgc/issues'
PACKAGE_NAME='gc'
PACKAGE_STRING='gc 8.2.8'
PACKAGE_TARNAME='gc'
PACKAGE_URL=''
PACKAGE_VERSION='8.2.8'
PATH_SEPARATOR=':'
PTHREADS_FALSE='#'
PTHREADS_TRUE=''
PTHREAD_START_STANDALONE_FALSE='#'
PTHREAD_START_STANDALONE_TRUE=''
RANLIB='ranlib'
SED='/usr/bin/sed'
SET_MAKE=''
SHELL='/bin/bash'
SINGLE_GC_OBJ_FALSE='#'
SINGLE_GC_OBJ_TRUE=''
STRIP='strip'
THREADDLLIBS='-lpthread -ldl'
THREADS_FALSE='#'
THREADS_TRUE=''
THREAD_LOCAL_ALLOC_FALSE='#'
THREAD_LOCAL_ALLOC_TRUE=''
UNWINDLIBS=''
USE_INTERNAL_LIBATOMIC_OPS_FALSE=''
USE_INTERNAL_LIBATOMIC_OPS_TRUE='#'
USE_LIBDIR_FALSE='#'
USE_LIBDIR_TRUE=''
VERSION='8.2.8'
WERROR_CFLAGS=''
WIN32_THREADS_FALSE=''
WIN32_THREADS_TRUE='#'
ac_ct_AR='ar'
ac_ct_CC='gcc'
ac_ct_CXX='g++'
ac_ct_DUMPBIN=''
addlibs=''
addobjs=' '
am__EXEEXT_FALSE=''
am__EXEEXT_TRUE='#'
am__fastdepCCAS_FALSE='#'
am__fastdepCCAS_TRUE=''
am__fastdepCC_FALSE='#'
am__fastdepCC_TRUE=''
am__fastdepCXX_FALSE='#'
am__fastdepCXX_TRUE=''
am__include='include'
am__isrc=''
am__leading_dot='.'
am__nodep='_no'
am__quote=''
am__tar='$${TAR-tar} chof - "$$tardir"'
am__untar='$${TAR-tar} xf -'
bindir='${exec_prefix}/bin'
build='x86_64-pc-linux-gnu'
build_alias=''
build_cpu='x86_64'
build_os='linux-gnu'
build_vendor='pc'
datadir='${datarootdir}'
datarootdir='${prefix}/share'
docdir='${datarootdir}/doc/${PACKAGE_TARNAME}'
dvidir='${docdir}'
exec_prefix='${prefix}'
extra_ldflags_libgc=''
host='x86_64-pc-linux-gnu'
host_alias=''
host_cpu='x86_64'
host_os='linux-gnu'
host_vendor='pc'
htmldir='${docdir}'
includedir='${prefix}/include'
infodir='${datarootdir}/info'
install_sh='${SHELL} /users/nfs/Etu2/28608482/CA/TME4/gc-8.2.8/install-sh'
libdir='${exec_prefix}/lib'
libexecdir='${exec_prefix}/libexec'
localedir='${datarootdir}/locale'
localstatedir='${prefix}/var'
mandir='${datarootdir}/man'
mkdir_p='$(MKDIR_P)'
oldincludedir='/usr/include'
pdfdir='${docdir}'
prefix='/usr/local'
program_transform_name='s,x,x,'
psdir='${docdir}'
runstatedir='${localstatedir}/run'
sbindir='${exec_prefix}/sbin'
sharedstatedir='${prefix}/com'
subdirs=''
sysconfdir='${prefix}/etc'
target='x86_64-pc-linux-gnu'
target_alias=''
target_all='libgc.la'
target_cpu='x86_64'
target_os='linux-gnu'
target_vendor='pc'

## ----------- ##
## confdefs.h. ##
## ----------- ##

/* confdefs.h */
#define PACKAGE_NAME "gc"
#define PACKAGE_TARNAME "gc"
#define PACKAGE_VERSION "8.2.8"
#define PACKAGE_STRING "gc 8.2.8"
#define PACKAGE_BUGREPORT "https://github.com/ivmai/bdwgc/issues"
#define PACKAGE_URL ""
#define GC_VERSION_MAJOR 8
#define GC_VERSION_MINOR 2
#define GC_VERSION_MICRO 8
#define PACKAGE "gc"
#define VERSION "8.2.8"
#define HAVE_STDIO_H 1
#define HAVE_STDLIB_H 1
#define HAVE_STRING_H 1
#define HAVE_INTTYPES_H 1
#define HAVE_STDINT_H 1
#define HAVE_STRINGS_H 1
#define HAVE_SYS_STAT_H 1
#define HAVE_SYS_TYPES_H 1
#define HAVE_UNISTD_H 1
#define STDC_HEADERS 1
#define HAVE_DLFCN_H 1
#define LT_OBJDIR ".libs/"
#define GC_THREADS 1
#define _REENTRANT 1
#define HAVE_DL_ITERATE_PHDR 1
#define GC_DLL 1
#define NO_EXECUTE_PERMISSION 1
#define ALL_INTERIOR_POINTERS 1
#define GC_GCJ_SUPPORT 1
#define GC_ENABLE_SUSPEND_THREAD 1
#define HAVE_DLADDR 1
#define HAVE_PTHREAD_SETNAME_NP_WITH_TID 1
#define JAVA_FINALIZATION 1
#define GC_ATOMIC_UNCOLLECTABLE 1
#define ENABLE_DISCLAIM 1
#define USE_MMAP 1
#define USE_MUNMAP 1
#define MUNMAP_THRESHOLD 6
#define GC_BUILTIN_ATOMIC 1
#define PARALLEL_MARK 1
#define THREAD_LOCAL_ALLOC 1
#define HANDLE_FORK 1

configure: exit 0
